<?xml version="1.0" encoding="UTF-8"?>
<!-- Generated by org.testng.reporters.JUnitReportReporter -->
<testsuite hostname="DESKTOP-FNF33OK" failures="0" tests="1" name="testrunner.TestRunner" time="15.577" errors="0" timestamp="2025-01-07T00:50:37 IST" skipped="0">
  <testcase classname="testrunner.TestRunner" name="runScenario" time="15.577"/>
</testsuite> <!-- testrunner.TestRunner -->
